Warning: libpng warning: Interlace handling should be turned on when using png_read_image
Warning: libpng warning: Interlace handling should be turned on when using png_read_image
Warning: libpng warning: Interlace handling should be turned on when using png_read_image
Warning: libpng warning: Interlace handling should be turned on when using png_read_image
Warning: libpng warning: Interlace handling should be turned on when using png_read_image
Warning: QPainter::begin: Paint device returned engine == 0, type: 1
Warning: QPainter::setPen: Painter not active
Warning: QPainter::setBrush: Painter not active
Warning: QPainter::setRenderHint: Painter must be active to set rendering hints
Warning: QPainter::setPen: Painter not active
Warning: libpng warning: Interlace handling should be turned on when using png_read_image
Debug: 
Cleaning project 'RollTheDice'...
Debug: Deleting file C:\Users\Joshua-Boo-Boos\Desktop\New Desktop\Natural-Selection-2-mods - Testing\Joshua-Boo-Boos DMD Combat Mod\source\soundsrc\Roll_The_Dice\RollTheDice.fev...
Debug: Done.
Warning: libpng warning: Interlace handling should be turned on when using png_read_image
Warning: libpng warning: Interlace handling should be turned on when using png_read_image
Debug: "17:35:01 c:\jk\workspace\build__4.44__designer_win\fmod4\tools\fmod_designer\src\bankform.ui.h:1008 AB: Add Sound Bank" 
Debug: "17:35:01 ..\..\src\simpleeventcontroller.cpp:1388 IL: Set Bank" 
Debug: "17:35:03 c:\jk\workspace\build__4.44__designer_win\fmod4\tools\fmod_designer\src\bankform.ui.h:1048 AC: Delete Soundbank" 
Debug: "17:35:03 ..\..\src\simpleeventcontroller.cpp:1388 IL: Set Bank" 
Debug: "17:35:05 c:\jk\workspace\build__4.44__designer_win\fmod4\tools\fmod_designer\src\bankform.ui.h:1008 AB: Add Sound Bank" 
Debug: "17:35:05 ..\..\src\simpleeventcontroller.cpp:1388 IL: Set Bank" 
Debug: "17:35:07 c:\jk\workspace\build__4.44__designer_win\fmod4\tools\fmod_designer\src\bankform.ui.h:1048 AC: Delete Soundbank" 
Debug: "17:35:07 ..\..\src\simpleeventcontroller.cpp:1388 IL: Set Bank" 
Debug: "17:35:36 c:\jk\workspace\build__4.44__designer_win\fmod4\tools\fmod_designer\src\bankform.ui.h:1008 AB: Add Sound Bank" 
Debug: "17:35:36 ..\..\src\simpleeventcontroller.cpp:1388 IL: Set Bank" 
Debug: "17:35:42 c:\jk\workspace\build__4.44__designer_win\fmod4\tools\fmod_designer\src\bankform.ui.h:1048 AC: Delete Soundbank" 
Debug: "17:35:42 ..\..\src\simpleeventcontroller.cpp:1388 IL: Set Bank" 
Debug: "17:36:03 ..\..\src\simpleeventcontroller.cpp:1388 IL: Set Bank" 
