Warning: libpng warning: Interlace handling should be turned on when using png_read_image
Warning: libpng warning: Interlace handling should be turned on when using png_read_image
Warning: libpng warning: Interlace handling should be turned on when using png_read_image
Warning: libpng warning: Interlace handling should be turned on when using png_read_image
Warning: libpng warning: Interlace handling should be turned on when using png_read_image
Warning: QPainter::begin: Paint device returned engine == 0, type: 1
Warning: QPainter::setPen: Painter not active
Warning: QPainter::setBrush: Painter not active
Warning: QPainter::setRenderHint: Painter must be active to set rendering hints
Warning: QPainter::setPen: Painter not active
Warning: libpng warning: Interlace handling should be turned on when using png_read_image
Debug: "17:44:30 c:\jk\workspace\build__4.44__designer_win\fmod4\tools\fmod_designer\src\eventform.ui.h:2202 CH: Delete Events/Event Groups/Event Categories" 
Debug: "17:44:40 c:\jk\workspace\build__4.44__designer_win\fmod4\tools\fmod_designer\src\eventform.ui.h:1529 HH: Add Simple Event" 
Debug: "17:44:43 c:\jk\workspace\build__4.44__designer_win\fmod4\tools\fmod_designer\src\eventform.ui.h:1529 HH: Add Simple Event" 
Debug: "17:44:46 ..\..\src\simpleeventcontroller.cpp:1741 IS: Add Sound to Playlist" 
Debug: "17:44:49 ..\..\src\simpleeventcontroller.cpp:1741 IS: Add Sound to Playlist" 
Warning: libpng warning: Interlace handling should be turned on when using png_read_image
Warning: libpng warning: Interlace handling should be turned on when using png_read_image
Debug: 
Building project 'Joshua-Boo-Boos Spear Mod'...
Debug: Building project C:\Users\Joshua-Boo-Boos\Desktop\Natural-Selection-2-mods - Testing\Joshua-Boo-Boos Spear Mod\source\soundsrc\Joshua-Boo-Boos Spear Mod.fev...
Debug: Unique sound defs 1/2
Debug: Retrieving sound file info...
Debug: Retrieving reverb info...
Debug: FEV file written ok
Debug: Unique Envelope Points: 0 of 0
Debug: Unique Strings: 94 characters of 94
Debug: Caching sound file details for ''...
Debug: slash_sound.mp3
Debug: throw_sound.mp3
Debug: Building 'Joshua-Boo-Boos Spear Mod_bank01.fsb'
Debug: Warning for C:\Users\Joshua-Boo-Boos\Desktop\Natural-Selection-2-mods - Testing\Joshua-Boo-Boos Spear Mod\source\soundsrc\throw_sound.mp3:
Debug:     This source file was truncated.  Length reported 101376 bytes, length decoded = 88064 bytes.

Debug: Encoded C:\Users\Joshua-Boo-Boos\Desktop\Natural-Selection-2-mods - Testing\Joshua-Boo-Boos Spear Mod\source\soundsrc\throw_sound.mp3
Debug: Encoded C:\Users\Joshua-Boo-Boos\Desktop\Natural-Selection-2-mods - Testing\Joshua-Boo-Boos Spear Mod\source\soundsrc\slash_sound.mp3
Debug: Writing FSB...
Debug: Finished building FSB
Debug: 
Debug: 
Summary of build:
SUCCESS: C:/Users/Joshua-Boo-Boos/Desktop/Natural-Selection-2-mods - Testing/Joshua-Boo-Boos Spear Mod/source/soundsrc/Joshua-Boo-Boos Spear Mod.fev
SUCCESS: Joshua-Boo-Boos Spear Mod_bank01.fsb
